2023/03/09 17:37:48.225490 service.go:115: Target: 49024639|2080, Username: varel%e2%98%86%e2%96%aa%c2%a4%e2%97%8f%c2%bf%c2%a1
2023/03/09 17:37:48.543611 service.go:115: Target: 49022524|2080, Username: Dark_bulls
2023/03/09 17:37:49.381438 service.go:115: Target: 49021166|2080, Username: Thet+Wai+Yan
2023/03/09 17:37:50.928209 service.go:115: Target: 49023993|2080, Username: ogan360
2023/03/09 17:38:14.072343 service.go:115: Target: 49022956|2080, Username: %5bAFK%5d%40gun9%2324
2023/03/09 17:38:14.853578 service.go:115: Target: 49028049|2080, Username: Maksanov
2023/03/09 17:38:14.886375 service.go:115: Target: 49024583|2080, Username: %e0%b8%aa%e0%b8%b8%e0%b8%8a%e0%b8%b2%e0%b8%a2%2a2797
2023/03/09 17:44:48.072646 service.go:115: Target: 53541963|2012, Username: somamrd
2023/03/09 17:44:49.009190 service.go:115: Target: 53548271|2012, Username: bursange
2023/03/09 17:45:07.662044 service.go:115: Target: 53545035|2012, Username: ALIF%23168
2023/03/09 17:45:08.776402 service.go:115: Target: 53544304|2012, Username: Fa+gaming+yt
2023/03/09 17:45:09.232909 service.go:115: Target: 53549114|2012, Username: mdeny%60%60
2023/03/09 17:45:21.028018 service.go:115: Target: 53545356|2012, Username: TheWarriors64
2023/03/09 17:45:22.510017 service.go:115: Target: 53542797|2012, Username: DJPach288
2023/03/09 17:45:23.045844 service.go:115: Target: 53541700|2012, Username: rohim
2023/03/09 17:45:23.589132 service.go:115: Target: 53545831|2012, Username: putra+06
2023/03/09 17:45:23.776556 service.go:115: Target: 53547340|2012, Username: Amz70CROV
2023/03/09 17:45:38.208837 service.go:115: Target: 53545976|2012, Username: %5b%e1%b4%9b%e1%b4%80%c9%b4%e1%b4%8b%5d
2023/03/09 17:45:39.129733 service.go:115: Target: 53545974|2012, Username: B.O.Y.Z
2023/03/09 17:45:39.846907 service.go:115: Target: 53544317|2012, Username: Arull+02
2023/03/09 17:45:41.549505 service.go:115: Target: 53544225|2012, Username: %e0%b9%84%e0%b8%a3%e0%b8%a7%e0%b8%b0
2023/03/09 17:45:41.553739 service.go:115: Target: 53546205|2012, Username: %e0%b8%aa%e0%b8%b2%e0%b8%81%e0%b8%a5+%2a5433
2023/03/09 17:45:50.540272 service.go:115: Target: 53547731|2012, Username: SadBoyProlific
2023/03/09 17:45:55.294226 service.go:115: Target: 53543963|2012, Username: +haruto
2023/03/09 17:45:55.314601 service.go:115: Target: 53542979|2012, Username: affan
2023/03/09 17:46:05.681203 service.go:115: Target: 53544764|2012, Username: RnD.
2023/03/09 17:46:05.755934 service.go:115: Target: 53543665|2012, Username: BadJoker
2023/03/09 17:46:06.171525 service.go:115: Target: 53541494|2012, Username: Muhammad+Zakky+Malik
2023/03/09 17:46:06.175278 service.go:115: Target: 53542093|2012, Username: y%c3%aan+chi
2023/03/09 17:46:07.058844 service.go:115: Target: 53546093|2012, Username: Dr.+Sumitkillex
2023/03/09 17:46:07.594732 service.go:115: Target: 53544241|2012, Username: mk_17
2023/03/09 17:46:07.928535 service.go:115: Target: 53548038|2012, Username: botak+hang
2023/03/09 17:46:20.888546 service.go:115: Target: 53541480|2012, Username: RAFLES+IKSANDI
2023/03/09 17:46:20.926338 service.go:115: Target: 53542194|2012, Username: silent+MM-ZYLP
2023/03/09 17:46:20.953733 service.go:115: Target: 53546404|2012, Username: MR.DEATH
2023/03/09 17:46:21.074591 service.go:115: Target: 53544660|2012, Username: Antonio+Ida%2316
2023/03/09 17:46:23.026914 service.go:115: Target: 53542814|2012, Username: 2524
2023/03/09 17:46:37.185619 service.go:115: Target: 53542375|2012, Username: roy+telew
2023/03/09 17:46:37.490543 service.go:115: Target: 53545956|2012, Username: alfafios
2023/03/09 17:46:49.079367 service.go:115: Target: 53547577|2012, Username: Elkychen
2023/03/09 17:47:08.999306 service.go:115: Target: 53543103|2012, Username: BATTOUSAI
2023/03/09 17:47:10.066574 service.go:115: Target: 53546669|2012, Username: KillerBy
2023/03/09 17:47:10.224947 service.go:115: Target: 53543360|2012, Username: %e2%80%8e%db%8c%c5%8b%c3%a3%c6%99%d2%bd.%e2%91%a8%e3%84%a8
2023/03/09 17:47:56.273793 service.go:115: Target: 53542136|2012, Username: Ciro
2023/03/09 17:47:56.916499 service.go:115: Target: 53544130|2012, Username: The+Predator
2023/03/09 17:48:06.711071 service.go:115: Target: 53546169|2012, Username: e%3a%2f%2f%3d%28diamond%3d%2f4%2f%29%3ae
2023/03/09 17:48:31.730772 service.go:115: Target: 53543059|2012, Username: Dancen123
2023/03/09 17:48:31.913315 service.go:115: Target: 53544717|2012, Username: edot+tomcat
2023/03/09 17:48:32.561967 service.go:115: Target: 53546444|2012, Username: Ryujin02
2023/03/09 17:49:05.392988 service.go:115: Target: 53549806|2012, Username: dhevi+Rukmana
2023/03/09 17:49:06.276603 service.go:115: Target: 53549931|2012, Username: moopisaid
2023/03/09 17:49:20.161355 service.go:115: Target: 53549451|2012, Username: garandong
2023/03/09 17:49:20.176729 service.go:115: Target: 53549186|2012, Username: n0ah
2023/03/09 17:49:23.202151 service.go:115: Target: 53549311|2012, Username: Min+Htet+Kyaw
2023/03/09 17:49:23.334477 service.go:115: Target: 53549749|2012, Username: elang
2023/03/09 17:49:33.969873 service.go:115: Target: 53549152|2012, Username: flim+1234567890
2023/03/09 17:49:34.521327 service.go:115: Target: 53549350|2012, Username: kittana
2023/03/09 17:49:36.922833 service.go:115: Target: 53549829|2012, Username: %e2%80%a2%5bAC%5d_Miracle%e2%80%a2
